0 verbose cli /usr/local/bin/node /usr/local/bin/npm
1 info using npm@11.11.0
2 info using node@v24.14.1
3 silly config load:file:/usr/local/lib/node_modules/npm/npmrc
4 silly config load:file:/Users/aykay1/Library/Caches/typescript/6.0/.npmrc
5 silly config load:file:/Users/aykay1/.npmrc
6 silly config load:file:/usr/local/etc/npmrc
7 verbose title npm install @types/tunnel@ts6.0 @types/mocha@ts6.0 @types/shelljs@ts6.0
8 verbose argv "install" "--ignore-scripts" "@types/tunnel@ts6.0" "@types/mocha@ts6.0" "@types/shelljs@ts6.0" "--save-dev" "--user-agent" "typesInstaller/6.0.2"
9 verbose logfile logs-max:10 dir:/Users/aykay1/.npm/_logs/2026-04-15T05_17_39_204Z-
10 verbose logfile /Users/aykay1/.npm/_logs/2026-04-15T05_17_39_204Z-debug-0.log
11 silly logfile done cleaning log files
12 silly packumentCache heap:2348810240 maxSize:587202560 maxEntrySize:293601280
13 silly packumentCache corgi:https://registry.npmjs.org/@types%2ftunnel cache-miss
14 silly packumentCache corgi:https://registry.npmjs.org/@types%2fmocha cache-miss
15 silly packumentCache corgi:https://registry.npmjs.org/@types%2fshelljs cache-miss
16 http fetch GET 200 https://registry.npmjs.org/@types%2fmocha 112ms (cache miss)
17 silly packumentCache corgi:https://registry.npmjs.org/@types%2fmocha set size:undefined disposed:false
18 http fetch GET 200 https://registry.npmjs.org/@types%2ftunnel 226ms (cache miss)
19 silly packumentCache corgi:https://registry.npmjs.org/@types%2ftunnel set size:undefined disposed:false
20 http fetch GET 200 https://registry.npmjs.org/@types%2fshelljs 252ms (cache miss)
21 silly packumentCache corgi:https://registry.npmjs.org/@types%2fshelljs set size:undefined disposed:false
22 silly idealTree buildDeps
23 silly fetch manifest @types/mocha@10.0.10
24 silly packumentCache full:https://registry.npmjs.org/@types%2fmocha cache-miss
25 http fetch GET 200 https://registry.npmjs.org/@types%2fmocha 43ms (cache miss)
26 silly packumentCache full:https://registry.npmjs.org/@types%2fmocha set size:undefined disposed:false
27 silly fetch manifest @types/tunnel@0.0.7
28 silly packumentCache full:https://registry.npmjs.org/@types%2ftunnel cache-miss
29 http fetch GET 200 https://registry.npmjs.org/@types%2ftunnel 43ms (cache miss)
30 silly packumentCache full:https://registry.npmjs.org/@types%2ftunnel set size:undefined disposed:false
31 silly fetch manifest @types/shelljs@0.10.0
32 silly packumentCache full:https://registry.npmjs.org/@types%2fshelljs cache-miss
33 http fetch GET 200 https://registry.npmjs.org/@types%2fshelljs 58ms (cache miss)
34 silly packumentCache full:https://registry.npmjs.org/@types%2fshelljs set size:undefined disposed:false
35 silly placeDep ROOT @types/mocha@10.0.10 OK for:  want: 10.0.10
36 silly placeDep ROOT @types/shelljs@0.10.0 OK for:  want: 0.10.0
37 silly placeDep ROOT @types/tunnel@0.0.7 OK for:  want: 0.0.7
38 silly fetch manifest fast-glob@^3.3.2
39 silly packumentCache full:https://registry.npmjs.org/fast-glob cache-miss
40 http fetch GET 200 https://registry.npmjs.org/fast-glob 35ms (cache miss)
41 silly packumentCache full:https://registry.npmjs.org/fast-glob set size:undefined disposed:false
42 silly placeDep ROOT fast-glob@3.3.3 OK for: @types/shelljs@0.10.0 want: ^3.3.2
43 silly fetch manifest @nodelib/fs.stat@^2.0.2
44 silly packumentCache full:https://registry.npmjs.org/@nodelib%2ffs.stat cache-miss
45 silly fetch manifest @nodelib/fs.walk@^1.2.3
46 silly packumentCache full:https://registry.npmjs.org/@nodelib%2ffs.walk cache-miss
47 silly fetch manifest glob-parent@^5.1.2
48 silly packumentCache full:https://registry.npmjs.org/glob-parent cache-miss
49 silly fetch manifest merge2@^1.3.0
50 silly packumentCache full:https://registry.npmjs.org/merge2 cache-miss
51 silly fetch manifest micromatch@^4.0.8
52 silly packumentCache full:https://registry.npmjs.org/micromatch cache-miss
53 http fetch GET 200 https://registry.npmjs.org/glob-parent 38ms (cache miss)
54 silly packumentCache full:https://registry.npmjs.org/glob-parent set size:undefined disposed:false
55 http fetch GET 200 https://registry.npmjs.org/@nodelib%2ffs.stat 50ms (cache miss)
56 silly packumentCache full:https://registry.npmjs.org/@nodelib%2ffs.stat set size:undefined disposed:false
57 http fetch GET 200 https://registry.npmjs.org/@nodelib%2ffs.walk 75ms (cache miss)
58 silly packumentCache full:https://registry.npmjs.org/@nodelib%2ffs.walk set size:undefined disposed:false
59 http fetch GET 200 https://registry.npmjs.org/merge2 87ms (cache miss)
60 silly packumentCache full:https://registry.npmjs.org/merge2 set size:undefined disposed:false
61 http fetch GET 200 https://registry.npmjs.org/micromatch 100ms (cache miss)
62 silly packumentCache full:https://registry.npmjs.org/micromatch set size:undefined disposed:false
63 silly placeDep ROOT @nodelib/fs.stat@2.0.5 OK for: fast-glob@3.3.3 want: ^2.0.2
64 silly placeDep ROOT @nodelib/fs.walk@1.2.8 OK for: fast-glob@3.3.3 want: ^1.2.3
65 silly placeDep ROOT glob-parent@5.1.2 OK for: fast-glob@3.3.3 want: ^5.1.2
66 silly placeDep ROOT merge2@1.4.1 OK for: fast-glob@3.3.3 want: ^1.3.0
67 silly placeDep ROOT micromatch@4.0.8 OK for: fast-glob@3.3.3 want: ^4.0.8
68 silly fetch manifest fastq@^1.6.0
69 silly packumentCache full:https://registry.npmjs.org/fastq cache-miss
70 silly fetch manifest @nodelib/fs.scandir@2.1.5
71 silly packumentCache full:https://registry.npmjs.org/@nodelib%2ffs.scandir cache-miss
72 silly fetch manifest is-glob@^4.0.1
73 silly packumentCache full:https://registry.npmjs.org/is-glob cache-miss
74 silly fetch manifest braces@^3.0.3
75 silly packumentCache full:https://registry.npmjs.org/braces cache-miss
76 silly fetch manifest picomatch@^2.3.1
77 silly packumentCache full:https://registry.npmjs.org/picomatch cache-miss
78 http fetch GET 200 https://registry.npmjs.org/fastq 37ms (cache miss)
79 silly packumentCache full:https://registry.npmjs.org/fastq set size:undefined disposed:false
80 http fetch GET 200 https://registry.npmjs.org/is-glob 43ms (cache miss)
81 silly packumentCache full:https://registry.npmjs.org/is-glob set size:undefined disposed:false
82 http fetch GET 200 https://registry.npmjs.org/braces 56ms (cache miss)
83 silly packumentCache full:https://registry.npmjs.org/braces set size:undefined disposed:false
84 http fetch GET 200 https://registry.npmjs.org/picomatch 62ms (cache miss)
85 silly packumentCache full:https://registry.npmjs.org/picomatch set size:undefined disposed:false
86 http fetch GET 200 https://registry.npmjs.org/@nodelib%2ffs.scandir 68ms (cache miss)
87 silly packumentCache full:https://registry.npmjs.org/@nodelib%2ffs.scandir set size:undefined disposed:false
88 silly placeDep ROOT @nodelib/fs.scandir@2.1.5 OK for: @nodelib/fs.walk@1.2.8 want: 2.1.5
89 silly placeDep ROOT fastq@1.20.1 OK for: @nodelib/fs.walk@1.2.8 want: ^1.6.0
90 silly fetch manifest run-parallel@^1.1.9
91 silly packumentCache full:https://registry.npmjs.org/run-parallel cache-miss
92 silly fetch manifest reusify@^1.0.4
93 silly packumentCache full:https://registry.npmjs.org/reusify cache-miss
94 http fetch GET 200 https://registry.npmjs.org/run-parallel 34ms (cache miss)
95 silly packumentCache full:https://registry.npmjs.org/run-parallel set size:undefined disposed:false
96 http fetch GET 200 https://registry.npmjs.org/reusify 131ms (cache miss)
97 silly packumentCache full:https://registry.npmjs.org/reusify set size:undefined disposed:false
98 silly placeDep ROOT run-parallel@1.2.0 OK for: @nodelib/fs.scandir@2.1.5 want: ^1.1.9
99 silly fetch manifest queue-microtask@^1.2.2
100 silly packumentCache full:https://registry.npmjs.org/queue-microtask cache-miss
101 http fetch GET 200 https://registry.npmjs.org/queue-microtask 43ms (cache miss)
102 silly packumentCache full:https://registry.npmjs.org/queue-microtask set size:undefined disposed:false
103 silly placeDep ROOT reusify@1.1.0 OK for: fastq@1.20.1 want: ^1.0.4
104 silly placeDep ROOT is-glob@4.0.3 OK for: glob-parent@5.1.2 want: ^4.0.1
105 silly fetch manifest is-extglob@^2.1.1
106 silly packumentCache full:https://registry.npmjs.org/is-extglob cache-miss
107 http fetch GET 200 https://registry.npmjs.org/is-extglob 41ms (cache miss)
108 silly packumentCache full:https://registry.npmjs.org/is-extglob set size:undefined disposed:false
109 silly placeDep ROOT is-extglob@2.1.1 OK for: is-glob@4.0.3 want: ^2.1.1
110 silly placeDep ROOT braces@3.0.3 OK for: micromatch@4.0.8 want: ^3.0.3
111 silly placeDep ROOT picomatch@2.3.2 OK for: micromatch@4.0.8 want: ^2.3.1
112 silly fetch manifest fill-range@^7.1.1
113 silly packumentCache full:https://registry.npmjs.org/fill-range cache-miss
114 http fetch GET 200 https://registry.npmjs.org/fill-range 45ms (cache miss)
115 silly packumentCache full:https://registry.npmjs.org/fill-range set size:undefined disposed:false
116 silly placeDep ROOT fill-range@7.1.1 OK for: braces@3.0.3 want: ^7.1.1
117 silly fetch manifest to-regex-range@^5.0.1
118 silly packumentCache full:https://registry.npmjs.org/to-regex-range cache-miss
119 http fetch GET 200 https://registry.npmjs.org/to-regex-range 41ms (cache miss)
120 silly packumentCache full:https://registry.npmjs.org/to-regex-range set size:undefined disposed:false
121 silly placeDep ROOT to-regex-range@5.0.1 OK for: fill-range@7.1.1 want: ^5.0.1
122 silly fetch manifest is-number@^7.0.0
123 silly packumentCache full:https://registry.npmjs.org/is-number cache-miss
124 http fetch GET 200 https://registry.npmjs.org/is-number 47ms (cache miss)
125 silly packumentCache full:https://registry.npmjs.org/is-number set size:undefined disposed:false
126 silly placeDep ROOT queue-microtask@1.2.3 OK for: run-parallel@1.2.0 want: ^1.2.2
127 silly placeDep ROOT is-number@7.0.0 OK for: to-regex-range@5.0.1 want: ^7.0.0
128 silly reify moves {}
129 silly audit bulk request {
129 silly audit   '@types/node': [ '25.6.0' ],
129 silly audit   '@types/react': [ '19.2.14' ],
129 silly audit   '@types/sprintf-js': [ '1.1.4' ],
129 silly audit   csstype: [ '3.2.3' ],
129 silly audit   'types-registry': [ '0.1.765' ],
129 silly audit   'undici-types': [ '7.19.2' ],
129 silly audit   '@types/mocha': [ '10.0.10' ],
129 silly audit   '@types/shelljs': [ '0.10.0' ],
129 silly audit   '@types/tunnel': [ '0.0.7' ],
129 silly audit   'fast-glob': [ '3.3.3' ],
129 silly audit   '@nodelib/fs.stat': [ '2.0.5' ],
129 silly audit   '@nodelib/fs.walk': [ '1.2.8' ],
129 silly audit   'glob-parent': [ '5.1.2' ],
129 silly audit   merge2: [ '1.4.1' ],
129 silly audit   micromatch: [ '4.0.8' ],
129 silly audit   '@nodelib/fs.scandir': [ '2.1.5' ],
129 silly audit   fastq: [ '1.20.1' ],
129 silly audit   'run-parallel': [ '1.2.0' ],
129 silly audit   reusify: [ '1.1.0' ],
129 silly audit   'is-glob': [ '4.0.3' ],
129 silly audit   'is-extglob': [ '2.1.1' ],
129 silly audit   braces: [ '3.0.3' ],
129 silly audit   picomatch: [ '2.3.2' ],
129 silly audit   'fill-range': [ '7.1.1' ],
129 silly audit   'to-regex-range': [ '5.0.1' ],
129 silly audit   'queue-microtask': [ '1.2.3' ],
129 silly audit   'is-number': [ '7.0.0' ]
129 silly audit }
130 http cache is-number@https://registry.npmjs.org/is-number/-/is-number-7.0.0.tgz 0ms (cache hit)
131 http cache queue-microtask@https://registry.npmjs.org/queue-microtask/-/queue-microtask-1.2.3.tgz 0ms (cache hit)
132 http cache fill-range@https://registry.npmjs.org/fill-range/-/fill-range-7.1.1.tgz 0ms (cache hit)
133 http cache to-regex-range@https://registry.npmjs.org/to-regex-range/-/to-regex-range-5.0.1.tgz 0ms (cache hit)
134 http cache picomatch@https://registry.npmjs.org/picomatch/-/picomatch-2.3.2.tgz 0ms (cache hit)
135 http cache braces@https://registry.npmjs.org/braces/-/braces-3.0.3.tgz 0ms (cache hit)
136 http cache is-extglob@https://registry.npmjs.org/is-extglob/-/is-extglob-2.1.1.tgz 0ms (cache hit)
137 http cache is-glob@https://registry.npmjs.org/is-glob/-/is-glob-4.0.3.tgz 0ms (cache hit)
138 http cache run-parallel@https://registry.npmjs.org/run-parallel/-/run-parallel-1.2.0.tgz 0ms (cache hit)
139 http cache reusify@https://registry.npmjs.org/reusify/-/reusify-1.1.0.tgz 0ms (cache hit)
140 http cache fastq@https://registry.npmjs.org/fastq/-/fastq-1.20.1.tgz 0ms (cache hit)
141 http cache @nodelib/fs.scandir@https://registry.npmjs.org/@nodelib/fs.scandir/-/fs.scandir-2.1.5.tgz 0ms (cache hit)
142 http cache micromatch@https://registry.npmjs.org/micromatch/-/micromatch-4.0.8.tgz 0ms (cache hit)
143 http cache merge2@https://registry.npmjs.org/merge2/-/merge2-1.4.1.tgz 0ms (cache hit)
144 http cache glob-parent@https://registry.npmjs.org/glob-parent/-/glob-parent-5.1.2.tgz 0ms (cache hit)
145 http cache @nodelib/fs.walk@https://registry.npmjs.org/@nodelib/fs.walk/-/fs.walk-1.2.8.tgz 0ms (cache hit)
146 http cache @nodelib/fs.stat@https://registry.npmjs.org/@nodelib/fs.stat/-/fs.stat-2.0.5.tgz 0ms (cache hit)
147 http cache fast-glob@https://registry.npmjs.org/fast-glob/-/fast-glob-3.3.3.tgz 0ms (cache hit)
148 http cache @types/shelljs@https://registry.npmjs.org/@types/shelljs/-/shelljs-0.10.0.tgz 0ms (cache hit)
149 http cache @types/mocha@https://registry.npmjs.org/@types/mocha/-/mocha-10.0.10.tgz 0ms (cache hit)
150 http cache @types/tunnel@https://registry.npmjs.org/@types/tunnel/-/tunnel-0.0.7.tgz 0ms (cache hit)
151 silly tarball no local data for is-number@https://registry.npmjs.org/is-number/-/is-number-7.0.0.tgz. Extracting by manifest.
152 silly tarball no local data for queue-microtask@https://registry.npmjs.org/queue-microtask/-/queue-microtask-1.2.3.tgz. Extracting by manifest.
153 silly tarball no local data for fill-range@https://registry.npmjs.org/fill-range/-/fill-range-7.1.1.tgz. Extracting by manifest.
154 silly tarball no local data for to-regex-range@https://registry.npmjs.org/to-regex-range/-/to-regex-range-5.0.1.tgz. Extracting by manifest.
155 silly tarball no local data for picomatch@https://registry.npmjs.org/picomatch/-/picomatch-2.3.2.tgz. Extracting by manifest.
156 silly tarball no local data for braces@https://registry.npmjs.org/braces/-/braces-3.0.3.tgz. Extracting by manifest.
157 silly tarball no local data for is-extglob@https://registry.npmjs.org/is-extglob/-/is-extglob-2.1.1.tgz. Extracting by manifest.
158 silly tarball no local data for is-glob@https://registry.npmjs.org/is-glob/-/is-glob-4.0.3.tgz. Extracting by manifest.
159 silly tarball no local data for run-parallel@https://registry.npmjs.org/run-parallel/-/run-parallel-1.2.0.tgz. Extracting by manifest.
160 silly tarball no local data for reusify@https://registry.npmjs.org/reusify/-/reusify-1.1.0.tgz. Extracting by manifest.
161 silly tarball no local data for fastq@https://registry.npmjs.org/fastq/-/fastq-1.20.1.tgz. Extracting by manifest.
162 silly tarball no local data for @nodelib/fs.scandir@https://registry.npmjs.org/@nodelib/fs.scandir/-/fs.scandir-2.1.5.tgz. Extracting by manifest.
163 silly tarball no local data for micromatch@https://registry.npmjs.org/micromatch/-/micromatch-4.0.8.tgz. Extracting by manifest.
164 silly tarball no local data for merge2@https://registry.npmjs.org/merge2/-/merge2-1.4.1.tgz. Extracting by manifest.
165 silly tarball no local data for glob-parent@https://registry.npmjs.org/glob-parent/-/glob-parent-5.1.2.tgz. Extracting by manifest.
166 silly tarball no local data for @nodelib/fs.walk@https://registry.npmjs.org/@nodelib/fs.walk/-/fs.walk-1.2.8.tgz. Extracting by manifest.
167 silly tarball no local data for @nodelib/fs.stat@https://registry.npmjs.org/@nodelib/fs.stat/-/fs.stat-2.0.5.tgz. Extracting by manifest.
168 silly tarball no local data for fast-glob@https://registry.npmjs.org/fast-glob/-/fast-glob-3.3.3.tgz. Extracting by manifest.
169 silly tarball no local data for @types/shelljs@https://registry.npmjs.org/@types/shelljs/-/shelljs-0.10.0.tgz. Extracting by manifest.
170 silly tarball no local data for @types/mocha@https://registry.npmjs.org/@types/mocha/-/mocha-10.0.10.tgz. Extracting by manifest.
171 silly tarball no local data for @types/tunnel@https://registry.npmjs.org/@types/tunnel/-/tunnel-0.0.7.tgz. Extracting by manifest.
172 http fetch GET 200 https://registry.npmjs.org/fill-range/-/fill-range-7.1.1.tgz 41ms (cache miss)
173 http fetch GET 200 https://registry.npmjs.org/is-number/-/is-number-7.0.0.tgz 41ms (cache miss)
174 http fetch GET 200 https://registry.npmjs.org/queue-microtask/-/queue-microtask-1.2.3.tgz 86ms (cache miss)
175 http fetch GET 200 https://registry.npmjs.org/to-regex-range/-/to-regex-range-5.0.1.tgz 106ms (cache miss)
176 http fetch GET 200 https://registry.npmjs.org/glob-parent/-/glob-parent-5.1.2.tgz 105ms (cache miss)
177 http fetch GET 200 https://registry.npmjs.org/@nodelib/fs.walk/-/fs.walk-1.2.8.tgz 107ms (cache miss)
178 http fetch POST 200 https://registry.npmjs.org/-/npm/v1/security/advisories/bulk 136ms
179 silly audit report {}
180 http fetch GET 200 https://registry.npmjs.org/@nodelib/fs.stat/-/fs.stat-2.0.5.tgz 129ms (cache miss)
181 http fetch GET 200 https://registry.npmjs.org/is-extglob/-/is-extglob-2.1.1.tgz 143ms (cache miss)
182 http fetch GET 200 https://registry.npmjs.org/picomatch/-/picomatch-2.3.2.tgz 153ms (cache miss)
183 http fetch GET 200 https://registry.npmjs.org/fast-glob/-/fast-glob-3.3.3.tgz 160ms (cache miss)
184 http fetch GET 200 https://registry.npmjs.org/merge2/-/merge2-1.4.1.tgz 163ms (cache miss)
185 http fetch GET 200 https://registry.npmjs.org/micromatch/-/micromatch-4.0.8.tgz 163ms (cache miss)
186 http fetch GET 200 https://registry.npmjs.org/is-glob/-/is-glob-4.0.3.tgz 164ms (cache miss)
187 http fetch GET 200 https://registry.npmjs.org/run-parallel/-/run-parallel-1.2.0.tgz 164ms (cache miss)
188 http fetch GET 200 https://registry.npmjs.org/braces/-/braces-3.0.3.tgz 165ms (cache miss)
189 http fetch GET 200 https://registry.npmjs.org/fastq/-/fastq-1.20.1.tgz 174ms (cache miss)
190 http fetch GET 200 https://registry.npmjs.org/reusify/-/reusify-1.1.0.tgz 175ms (cache miss)
191 http fetch GET 200 https://registry.npmjs.org/@types/tunnel/-/tunnel-0.0.7.tgz 270ms (cache miss)
192 http fetch GET 200 https://registry.npmjs.org/@types/shelljs/-/shelljs-0.10.0.tgz 272ms (cache miss)
193 http fetch GET 200 https://registry.npmjs.org/@types/mocha/-/mocha-10.0.10.tgz 271ms (cache miss)
194 http fetch GET 200 https://registry.npmjs.org/@nodelib/fs.scandir/-/fs.scandir-2.1.5.tgz 276ms (cache miss)
195 silly ADD node_modules/is-number
196 silly ADD node_modules/queue-microtask
197 silly ADD node_modules/to-regex-range
198 silly ADD node_modules/fill-range
199 silly ADD node_modules/picomatch
200 silly ADD node_modules/braces
201 silly ADD node_modules/is-extglob
202 silly ADD node_modules/is-glob
203 silly ADD node_modules/reusify
204 silly ADD node_modules/run-parallel
205 silly ADD node_modules/fastq
206 silly ADD node_modules/@nodelib/fs.scandir
207 silly ADD node_modules/micromatch
208 silly ADD node_modules/merge2
209 silly ADD node_modules/glob-parent
210 silly ADD node_modules/@nodelib/fs.walk
211 silly ADD node_modules/@nodelib/fs.stat
212 silly ADD node_modules/fast-glob
213 silly ADD node_modules/@types/tunnel
214 silly ADD node_modules/@types/shelljs
215 silly ADD node_modules/@types/mocha
216 verbose cwd /Users/aykay1/Library/Caches/typescript/6.0
217 verbose os Darwin 25.3.0
218 verbose node v24.14.1
219 verbose npm  v11.11.0
220 verbose exit 0
221 info ok
