0 verbose cli /usr/local/bin/node /usr/local/bin/npm
1 info using npm@11.11.0
2 info using node@v24.14.1
3 silly config load:file:/usr/local/lib/node_modules/npm/npmrc
4 silly config load:file:/Users/aykay1/Library/Caches/typescript/6.0/.npmrc
5 silly config load:file:/Users/aykay1/.npmrc
6 silly config load:file:/usr/local/etc/npmrc
7 verbose title npm install types-registry@latest
8 verbose argv "install" "--ignore-scripts" "types-registry@latest"
9 verbose logfile logs-max:10 dir:/Users/aykay1/.npm/_logs/2026-04-15T20_45_25_135Z-
10 verbose logfile /Users/aykay1/.npm/_logs/2026-04-15T20_45_25_135Z-debug-0.log
11 silly logfile start cleaning logs, removing 2 files
12 silly packumentCache heap:2348810240 maxSize:587202560 maxEntrySize:293601280
13 silly logfile done cleaning log files
14 silly packumentCache corgi:https://registry.npmjs.org/types-registry cache-miss
15 http fetch GET 200 https://registry.npmjs.org/types-registry 425ms (cache revalidated)
16 silly packumentCache corgi:https://registry.npmjs.org/types-registry set size:622112 disposed:false
17 silly idealTree buildDeps
18 silly fetch manifest types-registry@0.1.765
19 silly packumentCache full:https://registry.npmjs.org/types-registry cache-miss
20 http fetch GET 200 https://registry.npmjs.org/types-registry 46ms (cache revalidated)
21 silly packumentCache full:https://registry.npmjs.org/types-registry set size:1343988 disposed:false
22 silly placeDep ROOT types-registry@0.1.765 REPLACE for:  want: 0.1.765
23 silly reify moves {}
24 silly audit bulk request {
24 silly audit   '@nodelib/fs.scandir': [ '2.1.5' ],
24 silly audit   '@nodelib/fs.stat': [ '2.0.5' ],
24 silly audit   '@nodelib/fs.walk': [ '1.2.8' ],
24 silly audit   '@types/mocha': [ '10.0.10' ],
24 silly audit   '@types/node': [ '25.6.0' ],
24 silly audit   '@types/react': [ '19.2.14' ],
24 silly audit   '@types/shelljs': [ '0.10.0' ],
24 silly audit   '@types/sprintf-js': [ '1.1.4' ],
24 silly audit   '@types/tunnel': [ '0.0.7' ],
24 silly audit   braces: [ '3.0.3' ],
24 silly audit   csstype: [ '3.2.3' ],
24 silly audit   'fast-glob': [ '3.3.3' ],
24 silly audit   fastq: [ '1.20.1' ],
24 silly audit   'fill-range': [ '7.1.1' ],
24 silly audit   'glob-parent': [ '5.1.2' ],
24 silly audit   'is-extglob': [ '2.1.1' ],
24 silly audit   'is-glob': [ '4.0.3' ],
24 silly audit   'is-number': [ '7.0.0' ],
24 silly audit   merge2: [ '1.4.1' ],
24 silly audit   micromatch: [ '4.0.8' ],
24 silly audit   picomatch: [ '2.3.2' ],
24 silly audit   'queue-microtask': [ '1.2.3' ],
24 silly audit   reusify: [ '1.1.0' ],
24 silly audit   'run-parallel': [ '1.2.0' ],
24 silly audit   'to-regex-range': [ '5.0.1' ],
24 silly audit   'undici-types': [ '7.19.2' ],
24 silly audit   'types-registry': [ '0.1.765' ]
24 silly audit }
25 http fetch POST 200 https://registry.npmjs.org/-/npm/v1/security/advisories/bulk 192ms
26 silly audit report {}
27 verbose cwd /Users/aykay1/Library/Caches/typescript/6.0
28 verbose os Darwin 25.3.0
29 verbose node v24.14.1
30 verbose npm  v11.11.0
31 verbose exit 0
32 info ok
